  main.cpp
c:\users\ivan290895\documents\visual studio 2012\projects\treap\treap\rmq.hpp(4): warning C4018: '<' : signed/unsigned mismatch
          c:\users\ivan290895\documents\visual studio 2012\projects\treap\treap\rmq.hpp(2) : while compiling class template member function 'RMQ<type_val>::RMQ(const std::vector<_Ty> &)'
          with
          [
              type_val=int,
              _Ty=int
          ]
          c:\users\ivan290895\documents\visual studio 2012\projects\treap\treap\main.cpp(25) : see reference to function template instantiation 'RMQ<type_val>::RMQ(const std::vector<_Ty> &)' being compiled
          with
          [
              type_val=int,
              _Ty=int
          ]
          c:\users\ivan290895\documents\visual studio 2012\projects\treap\treap\main.cpp(25) : see reference to class template instantiation 'RMQ<type_val>' being compiled
          with
          [
              type_val=int
          ]
  Treap.vcxproj -> C:\Users\ivan290895\Documents\Visual Studio 2012\Projects\Treap\Debug\Treap.exe
